[  0%]            mod_generate_2D.f90
[ 11%]            mod_generate_2D.f90  done.
[ 11%]                  mod_FE_2D.f90
[ 22%]                  mod_FE_2D.f90  done.
[ 22%]                     libFEM-F.a
[ 33%]                     libFEM-F.a  done.
[ 33%]                       main.f90
[ 44%]                       main.f90  done.
[ 44%]              example_FE_2D.f90
[ 55%]              example_FE_2D.f90  done.
[ 55%]                          FEM-F
[ 66%]                          FEM-F  done.
[ 66%]                  example_FE_2D
[ 77%]                  example_FE_2D  done.
[ 77%]             example_linearpack
[ 88%]             example_linearpack  done.
[ 88%]                  example_FE_1D
[100%]                  example_FE_1D  done.
[100%] Project compiled successfully.
 ------------------start------------------
Field information is checked.
mesh_type = 504
the mesh size: [ 2x 2]
M = [ 2x25]
  0.00  0.00  0.00  0.00  0.00  0.25  0.25  0.25  0.25  0.25  0.50  0.50  0.50  0.50  0.50  0.75  0.75  0.75  0.75  0.75  1.00  1.00  1.00  1.00  1.00
  0.00  0.25  0.50  0.75  1.00  0.00  0.25  0.50  0.75  1.00  0.00  0.25  0.50  0.75  1.00  0.00  0.25  0.50  0.75  1.00  0.00  0.25  0.50  0.75  1.00
T = [ 9x 4]
           1           3          11          13
          11          13          21          23
          13          15          23          25
           3           5          13          15
           6           8          16          18
          12          14          22          24
           8          10          18          20
           2           4          12          14
           7           9          17          19
