 ------------------start------------------
Field information is checked.
mesh_type = 504
the mesh size: [02x02]
M = [02x25]
  0.00  0.00  0.00  0.00  0.00  0.25  0.25  0.25  0.25  0.25  0.50  0.50  0.50  0.50  0.50  0.75  0.75  0.75  0.75  0.75  1.00  1.00  1.00  1.00  1.00
  0.00  0.25  0.50  0.75  1.00  0.00  0.25  0.50  0.75  1.00  0.00  0.25  0.50  0.75  1.00  0.00  0.25  0.50  0.75  1.00  0.00  0.25  0.50  0.75  1.00
T = [09x04]
           1           3          11          13
          11          13          21          23
          13          15          23          25
           3           5          13          15
           6           8          16          18
          12          14          22          24
           8          10          18          20
           2           4          12          14
           7           9          17          19
boundarynodes = [02x16]
          -1          -1          -1          -1          -1          -1          -1          -1          -1          -1          -1          -1          -1          -1          -1          -1
           1           6          11          16          21          22          23          24          25          20          15          10           5           4           3           2
boundaryedges = [04x08]
          -1          -1          -1          -1          -1          -1          -1          -1
           1           5           6           8           8           4           3           1
           1           4           7           8           9           6           3           2
           4           7           8           9           6           3           2           1
 -------------------end-------------------
